{"/home/mehdi/projects/safe-logstash-client/index.js":{"path":"/home/mehdi/projects/safe-logstash-client/index.js","s":{"1":1,"2":0},"b":{},"f":{},"fnMap":{},"statementMap":{"1":{"start":{"line":1,"column":0},"end":{"line":1,"column":41}},"2":{"start":{"line":2,"column":0},"end":{"line":2,"column":56}}},"branchMap":{}},"/home/mehdi/projects/safe-logstash-client/lib/client.js":{"path":"/home/mehdi/projects/safe-logstash-client/lib/client.js","s":{"1":1,"2":0,"3":0,"4":1,"5":0,"6":0,"7":0,"8":0,"9":0,"10":0,"11":0,"12":0,"13":0,"14":0,"15":0,"16":0,"17":0,"18":0,"19":0,"20":0,"21":0,"22":0,"23":0,"24":0,"25":0,"26":0,"27":0,"28":0},"b":{"1":[0,0],"2":[0,0],"3":[0,0],"4":[0,0],"5":[0,0],"6":[0,0],"7":[0,0],"8":[0,0],"9":[0,0]},"f":{"1":0,"2":0,"3":0,"4":0},"fnMap":{"1":{"name":"Client","line":6,"loc":{"start":{"line":6,"column":0},"end":{"line":6,"column":26}}},"2":{"name":"connect","line":36,"loc":{"start":{"line":36,"column":27},"end":{"line":36,"column":47}}},"3":{"name":"send","line":39,"loc":{"start":{"line":39,"column":24},"end":{"line":39,"column":52}}},"4":{"name":"_format","line":43,"loc":{"start":{"line":43,"column":27},"end":{"line":43,"column":54}}}},"statementMap":{"1":{"start":{"line":2,"column":0},"end":{"line":2,"column":40}},"2":{"start":{"line":3,"column":0},"end":{"line":3,"column":47}},"3":{"start":{"line":4,"column":0},"end":{"line":4,"column":46}},"4":{"start":{"line":6,"column":0},"end":{"line":34,"column":1}},"5":{"start":{"line":7,"column":2},"end":{"line":10,"column":3}},"6":{"start":{"line":8,"column":4},"end":{"line":8,"column":44}},"7":{"start":{"line":9,"column":4},"end":{"line":9,"column":30}},"8":{"start":{"line":12,"column":2},"end":{"line":12,"column":25}},"9":{"start":{"line":14,"column":2},"end":{"line":16,"column":3}},"10":{"start":{"line":15,"column":4},"end":{"line":15,"column":69}},"11":{"start":{"line":18,"column":2},"end":{"line":18,"column":26}},"12":{"start":{"line":19,"column":2},"end":{"line":19,"column":46}},"13":{"start":{"line":21,"column":2},"end":{"line":21,"column":55}},"14":{"start":{"line":23,"column":2},"end":{"line":29,"column":3}},"15":{"start":{"line":24,"column":4},"end":{"line":24,"column":57}},"16":{"start":{"line":25,"column":9},"end":{"line":29,"column":3}},"17":{"start":{"line":26,"column":4},"end":{"line":26,"column":57}},"18":{"start":{"line":27,"column":9},"end":{"line":29,"column":3}},"19":{"start":{"line":28,"column":4},"end":{"line":28,"column":60}},"20":{"start":{"line":31,"column":2},"end":{"line":33,"column":3}},"21":{"start":{"line":32,"column":4},"end":{"line":32,"column":18}},"22":{"start":{"line":36,"column":0},"end":{"line":38,"column":1}},"23":{"start":{"line":37,"column":2},"end":{"line":37,"column":26}},"24":{"start":{"line":39,"column":0},"end":{"line":41,"column":1}},"25":{"start":{"line":40,"column":2},"end":{"line":40,"column":47}},"26":{"start":{"line":43,"column":0},"end":{"line":45,"column":1}},"27":{"start":{"line":44,"column":2},"end":{"line":44,"column":27}},"28":{"start":{"line":47,"column":0},"end":{"line":47,"column":23}}},"branchMap":{"1":{"line":7,"type":"if","locations":[{"start":{"line":7,"column":2},"end":{"line":7,"column":2}},{"start":{"line":7,"column":2},"end":{"line":7,"column":2}}]},"2":{"line":12,"type":"binary-expr","locations":[{"start":{"line":12,"column":12},"end":{"line":12,"column":19}},{"start":{"line":12,"column":23},"end":{"line":12,"column":25}}]},"3":{"line":14,"type":"if","locations":[{"start":{"line":14,"column":2},"end":{"line":14,"column":2}},{"start":{"line":14,"column":2},"end":{"line":14,"column":2}}]},"4":{"line":14,"type":"binary-expr","locations":[{"start":{"line":14,"column":6},"end":{"line":14,"column":14}},{"start":{"line":14,"column":18},"end":{"line":14,"column":56}}]},"5":{"line":19,"type":"binary-expr","locations":[{"start":{"line":19,"column":16},"end":{"line":19,"column":30}},{"start":{"line":19,"column":34},"end":{"line":19,"column":46}}]},"6":{"line":23,"type":"if","locations":[{"start":{"line":23,"column":2},"end":{"line":23,"column":2}},{"start":{"line":23,"column":2},"end":{"line":23,"column":2}}]},"7":{"line":25,"type":"if","locations":[{"start":{"line":25,"column":9},"end":{"line":25,"column":9}},{"start":{"line":25,"column":9},"end":{"line":25,"column":9}}]},"8":{"line":27,"type":"if","locations":[{"start":{"line":27,"column":9},"end":{"line":27,"column":9}},{"start":{"line":27,"column":9},"end":{"line":27,"column":9}}]},"9":{"line":31,"type":"if","locations":[{"start":{"line":31,"column":2},"end":{"line":31,"column":2}},{"start":{"line":31,"column":2},"end":{"line":31,"column":2}}]}}},"/home/mehdi/projects/safe-logstash-client/lib/transports/index.js":{"path":"/home/mehdi/projects/safe-logstash-client/lib/transports/index.js","s":{"1":1,"2":1},"b":{},"f":{},"fnMap":{},"statementMap":{"1":{"start":{"line":3,"column":0},"end":{"line":3,"column":39}},"2":{"start":{"line":4,"column":0},"end":{"line":4,"column":39}}},"branchMap":{}},"/home/mehdi/projects/safe-logstash-client/lib/transports/tcp.js":{"path":"/home/mehdi/projects/safe-logstash-client/lib/transports/tcp.js","s":{"1":1,"2":1,"3":1,"4":1,"5":1,"6":0,"7":0,"8":1,"9":1,"10":0,"11":0,"12":0,"13":0,"14":0,"15":0,"16":0,"17":0,"18":0,"19":1,"20":0,"21":1,"22":0,"23":0,"24":1},"b":{},"f":{"1":0,"2":0,"3":0,"4":0,"5":0,"6":0,"7":0},"fnMap":{"1":{"name":"TCPTransport","line":7,"loc":{"start":{"line":7,"column":0},"end":{"line":7,"column":32}}},"2":{"name":"connect","line":14,"loc":{"start":{"line":14,"column":33},"end":{"line":14,"column":53}}},"3":{"name":"onConnected","line":17,"loc":{"start":{"line":17,"column":4},"end":{"line":17,"column":34}}},"4":{"name":"(anonymous_4)","line":30,"loc":{"start":{"line":30,"column":6},"end":{"line":30,"column":18}}},"5":{"name":"(anonymous_5)","line":37,"loc":{"start":{"line":37,"column":6},"end":{"line":37,"column":19}}},"6":{"name":"send","line":43,"loc":{"start":{"line":43,"column":31},"end":{"line":43,"column":59}}},"7":{"name":"(anonymous_7)","line":47,"loc":{"start":{"line":47,"column":31},"end":{"line":47,"column":43}}}},"statementMap":{"1":{"start":{"line":2,"column":0},"end":{"line":2,"column":40}},"2":{"start":{"line":3,"column":0},"end":{"line":3,"column":38}},"3":{"start":{"line":4,"column":0},"end":{"line":4,"column":54}},"4":{"start":{"line":5,"column":0},"end":{"line":5,"column":39}},"5":{"start":{"line":7,"column":0},"end":{"line":10,"column":1}},"6":{"start":{"line":8,"column":2},"end":{"line":8,"column":31}},"7":{"start":{"line":9,"column":2},"end":{"line":9,"column":39}},"8":{"start":{"line":12,"column":0},"end":{"line":12,"column":33}},"9":{"start":{"line":14,"column":0},"end":{"line":41,"column":1}},"10":{"start":{"line":15,"column":2},"end":{"line":15,"column":52}},"11":{"start":{"line":16,"column":2},"end":{"line":25,"column":4}},"12":{"start":{"line":18,"column":6},"end":{"line":18,"column":26}},"13":{"start":{"line":19,"column":6},"end":{"line":19,"column":27}},"14":{"start":{"line":20,"column":6},"end":{"line":20,"column":20}},"15":{"start":{"line":27,"column":2},"end":{"line":40,"column":5}},"16":{"start":{"line":31,"column":8},"end":{"line":31,"column":57}},"17":{"start":{"line":32,"column":8},"end":{"line":32,"column":29}},"18":{"start":{"line":38,"column":8},"end":{"line":38,"column":78}},"19":{"start":{"line":43,"column":0},"end":{"line":45,"column":1}},"20":{"start":{"line":44,"column":2},"end":{"line":44,"column":39}},"21":{"start":{"line":47,"column":0},"end":{"line":50,"column":1}},"22":{"start":{"line":48,"column":2},"end":{"line":48,"column":29}},"23":{"start":{"line":49,"column":2},"end":{"line":49,"column":20}},"24":{"start":{"line":52,"column":0},"end":{"line":52,"column":29}}},"branchMap":{}},"/home/mehdi/projects/safe-logstash-client/lib/transports/transport.js":{"path":"/home/mehdi/projects/safe-logstash-client/lib/transports/transport.js","s":{"1":1,"2":1,"3":1,"4":1,"5":0,"6":0,"7":0,"8":0,"9":0,"10":0,"11":1,"12":1,"13":0,"14":0,"15":0,"16":0,"17":0,"18":0,"19":0,"20":1,"21":0,"22":1,"23":0,"24":0,"25":0,"26":0,"27":1},"b":{"1":[0,0],"2":[0,0],"3":[0,0]},"f":{"1":0,"2":0,"3":0,"4":0},"fnMap":{"1":{"name":"Transport","line":7,"loc":{"start":{"line":7,"column":0},"end":{"line":7,"column":29}}},"2":{"name":"send","line":18,"loc":{"start":{"line":18,"column":27},"end":{"line":18,"column":55}}},"3":{"name":"_send","line":34,"loc":{"start":{"line":34,"column":28},"end":{"line":34,"column":46}}},"4":{"name":"dequeue","line":38,"loc":{"start":{"line":38,"column":30},"end":{"line":38,"column":50}}}},"statementMap":{"1":{"start":{"line":3,"column":0},"end":{"line":3,"column":49}},"2":{"start":{"line":4,"column":0},"end":{"line":4,"column":39}},"3":{"start":{"line":5,"column":0},"end":{"line":5,"column":50}},"4":{"start":{"line":7,"column":0},"end":{"line":14,"column":1}},"5":{"start":{"line":8,"column":2},"end":{"line":8,"column":37}},"6":{"start":{"line":9,"column":2},"end":{"line":9,"column":25}},"7":{"start":{"line":10,"column":2},"end":{"line":10,"column":17}},"8":{"start":{"line":11,"column":2},"end":{"line":11,"column":26}},"9":{"start":{"line":12,"column":2},"end":{"line":12,"column":26}},"10":{"start":{"line":13,"column":2},"end":{"line":13,"column":24}},"11":{"start":{"line":16,"column":0},"end":{"line":16,"column":33}},"12":{"start":{"line":18,"column":0},"end":{"line":32,"column":1}},"13":{"start":{"line":19,"column":2},"end":{"line":22,"column":3}},"14":{"start":{"line":20,"column":4},"end":{"line":20,"column":33}},"15":{"start":{"line":21,"column":4},"end":{"line":21,"column":34}},"16":{"start":{"line":23,"column":2},"end":{"line":23,"column":27}},"17":{"start":{"line":24,"column":2},"end":{"line":27,"column":4}},"18":{"start":{"line":29,"column":2},"end":{"line":31,"column":3}},"19":{"start":{"line":30,"column":4},"end":{"line":30,"column":22}},"20":{"start":{"line":34,"column":0},"end":{"line":36,"column":1}},"21":{"start":{"line":35,"column":2},"end":{"line":35,"column":62}},"22":{"start":{"line":38,"column":0},"end":{"line":44,"column":1}},"23":{"start":{"line":39,"column":2},"end":{"line":39,"column":51}},"24":{"start":{"line":40,"column":2},"end":{"line":43,"column":3}},"25":{"start":{"line":41,"column":4},"end":{"line":41,"column":32}},"26":{"start":{"line":42,"column":4},"end":{"line":42,"column":35}},"27":{"start":{"line":46,"column":0},"end":{"line":46,"column":26}}},"branchMap":{"1":{"line":9,"type":"binary-expr","locations":[{"start":{"line":9,"column":12},"end":{"line":9,"column":19}},{"start":{"line":9,"column":23},"end":{"line":9,"column":25}}]},"2":{"line":19,"type":"if","locations":[{"start":{"line":19,"column":2},"end":{"line":19,"column":2}},{"start":{"line":19,"column":2},"end":{"line":19,"column":2}}]},"3":{"line":29,"type":"if","locations":[{"start":{"line":29,"column":2},"end":{"line":29,"column":2}},{"start":{"line":29,"column":2},"end":{"line":29,"column":2}}]}}},"/home/mehdi/projects/safe-logstash-client/lib/transports/udp.js":{"path":"/home/mehdi/projects/safe-logstash-client/lib/transports/udp.js","s":{"1":1,"2":1,"3":1,"4":1,"5":0,"6":0,"7":1,"8":0,"9":0,"10":0,"11":0,"12":0,"13":0,"14":0,"15":0,"16":0,"17":0,"18":0,"19":0},"b":{},"f":{"1":0,"2":0,"3":0,"4":0},"fnMap":{"1":{"name":"UDPTransport","line":6,"loc":{"start":{"line":6,"column":0},"end":{"line":6,"column":32}}},"2":{"name":"connect","line":13,"loc":{"start":{"line":13,"column":33},"end":{"line":13,"column":53}}},"3":{"name":"send","line":19,"loc":{"start":{"line":19,"column":31},"end":{"line":19,"column":59}}},"4":{"name":"(anonymous_4)","line":25,"loc":{"start":{"line":25,"column":31},"end":{"line":25,"column":43}}}},"statementMap":{"1":{"start":{"line":2,"column":0},"end":{"line":2,"column":28}},"2":{"start":{"line":3,"column":0},"end":{"line":3,"column":54}},"3":{"start":{"line":4,"column":0},"end":{"line":4,"column":39}},"4":{"start":{"line":6,"column":0},"end":{"line":9,"column":1}},"5":{"start":{"line":7,"column":2},"end":{"line":7,"column":31}},"6":{"start":{"line":8,"column":2},"end":{"line":8,"column":39}},"7":{"start":{"line":11,"column":0},"end":{"line":11,"column":33}},"8":{"start":{"line":13,"column":0},"end":{"line":17,"column":1}},"9":{"start":{"line":14,"column":2},"end":{"line":14,"column":30}},"10":{"start":{"line":15,"column":2},"end":{"line":15,"column":42}},"11":{"start":{"line":16,"column":2},"end":{"line":16,"column":23}},"12":{"start":{"line":19,"column":0},"end":{"line":23,"column":1}},"13":{"start":{"line":20,"column":2},"end":{"line":20,"column":49}},"14":{"start":{"line":21,"column":2},"end":{"line":21,"column":34}},"15":{"start":{"line":22,"column":2},"end":{"line":22,"column":70}},"16":{"start":{"line":25,"column":0},"end":{"line":28,"column":1}},"17":{"start":{"line":26,"column":2},"end":{"line":26,"column":21}},"18":{"start":{"line":27,"column":2},"end":{"line":27,"column":20}},"19":{"start":{"line":30,"column":0},"end":{"line":30,"column":29}}},"branchMap":{}}}