TN:
SF:/home/mehdi/projects/safe-logstash-client/index.js
FNF:0
FNH:0
DA:1,1
DA:2,0
LF:2
LH:1
BRF:0
BRH:0
end_of_record
TN:
SF:/home/mehdi/projects/safe-logstash-client/lib/client.js
FN:6,Client
FN:36,connect
FN:39,send
FN:43,_format
FNF:4
FNH:0
FNDA:0,Client
FNDA:0,connect
FNDA:0,send
FNDA:0,_format
DA:2,1
DA:3,0
DA:4,0
DA:6,1
DA:7,0
DA:8,0
DA:9,0
DA:12,0
DA:14,0
DA:15,0
DA:18,0
DA:19,0
DA:21,0
DA:23,0
DA:24,0
DA:25,0
DA:26,0
DA:27,0
DA:28,0
DA:31,0
DA:32,0
DA:36,0
DA:37,0
DA:39,0
DA:40,0
DA:43,0
DA:44,0
DA:47,0
LF:28
LH:2
BRDA:7,1,0,0
BRDA:7,1,1,0
BRDA:12,2,0,0
BRDA:12,2,1,0
BRDA:14,3,0,0
BRDA:14,3,1,0
BRDA:14,4,0,0
BRDA:14,4,1,0
BRDA:19,5,0,0
BRDA:19,5,1,0
BRDA:23,6,0,0
BRDA:23,6,1,0
BRDA:25,7,0,0
BRDA:25,7,1,0
BRDA:27,8,0,0
BRDA:27,8,1,0
BRDA:31,9,0,0
BRDA:31,9,1,0
BRF:18
BRH:0
end_of_record
TN:
SF:/home/mehdi/projects/safe-logstash-client/lib/transports/index.js
FNF:0
FNH:0
DA:3,1
DA:4,1
LF:2
LH:2
BRF:0
BRH:0
end_of_record
TN:
SF:/home/mehdi/projects/safe-logstash-client/lib/transports/tcp.js
FN:7,TCPTransport
FN:14,connect
FN:17,onConnected
FN:30,(anonymous_4)
FN:37,(anonymous_5)
FN:43,send
FN:47,(anonymous_7)
FNF:7
FNH:0
FNDA:0,TCPTransport
FNDA:0,connect
FNDA:0,onConnected
FNDA:0,(anonymous_4)
FNDA:0,(anonymous_5)
FNDA:0,send
FNDA:0,(anonymous_7)
DA:2,1
DA:3,1
DA:4,1
DA:5,1
DA:7,1
DA:8,0
DA:9,0
DA:12,1
DA:14,1
DA:15,0
DA:16,0
DA:18,0
DA:19,0
DA:20,0
DA:27,0
DA:31,0
DA:32,0
DA:38,0
DA:43,1
DA:44,0
DA:47,1
DA:48,0
DA:49,0
DA:52,1
LF:24
LH:10
BRF:0
BRH:0
end_of_record
TN:
SF:/home/mehdi/projects/safe-logstash-client/lib/transports/transport.js
FN:7,Transport
FN:18,send
FN:34,_send
FN:38,dequeue
FNF:4
FNH:0
FNDA:0,Transport
FNDA:0,send
FNDA:0,_send
FNDA:0,dequeue
DA:3,1
DA:4,1
DA:5,1
DA:7,1
DA:8,0
DA:9,0
DA:10,0
DA:11,0
DA:12,0
DA:13,0
DA:16,1
DA:18,1
DA:19,0
DA:20,0
DA:21,0
DA:23,0
DA:24,0
DA:29,0
DA:30,0
DA:34,1
DA:35,0
DA:38,1
DA:39,0
DA:40,0
DA:41,0
DA:42,0
DA:46,1
LF:27
LH:9
BRDA:9,1,0,0
BRDA:9,1,1,0
BRDA:19,2,0,0
BRDA:19,2,1,0
BRDA:29,3,0,0
BRDA:29,3,1,0
BRF:6
BRH:0
end_of_record
TN:
SF:/home/mehdi/projects/safe-logstash-client/lib/transports/udp.js
FN:6,UDPTransport
FN:13,connect
FN:19,send
FN:25,(anonymous_4)
FNF:4
FNH:0
FNDA:0,UDPTransport
FNDA:0,connect
FNDA:0,send
FNDA:0,(anonymous_4)
DA:2,1
DA:3,1
DA:4,1
DA:6,1
DA:7,0
DA:8,0
DA:11,1
DA:13,0
DA:14,0
DA:15,0
DA:16,0
DA:19,0
DA:20,0
DA:21,0
DA:22,0
DA:25,0
DA:26,0
DA:27,0
DA:30,0
LF:19
LH:5
BRF:0
BRH:0
end_of_record
